<?xml version="1.0" encoding="UTF-8"?>
<!-- Generated by org.testng.reporters.JUnitReportReporter -->
<testsuite hostname="LAPTOP-PLNO5R2G" failures="0" tests="6" name="amazon.Amazon_Sign_In_PropertiesFile" time="16.784" errors="0" timestamp="2023-03-18T13:36:11 PDT" skipped="0">
  <testcase classname="amazon.Amazon_Sign_In_PropertiesFile" name="clickOnSignInLink" time="0.704"/>
  <system-out/>
  <testcase classname="amazon.Amazon_Sign_In_PropertiesFile" name="logInCredentials" time="0.565"/>
  <system-out/>
  <testcase classname="amazon.Amazon_Sign_In_PropertiesFile" name="searchPoscaMarkers" time="10.649"/>
  <system-out/>
  <testcase classname="amazon.Amazon_Sign_In_PropertiesFile" name="addToCartButton" time="1.530"/>
  <system-out/>
  <testcase classname="amazon.Amazon_Sign_In_PropertiesFile" name="goToCartButton" time="2.095"/>
  <system-out/>
  <testcase classname="amazon.Amazon_Sign_In_PropertiesFile" name="amazonHomeButton" time="1.241"/>
  <system-out/>
</testsuite> <!-- amazon.Amazon_Sign_In_PropertiesFile -->
