<?xml version="1.0" encoding="UTF-8"?>
<!-- Generated by org.testng.reporters.JUnitReportReporter -->
<testsuite hostname="LAPTOP-PLNO5R2G" failures="0" tests="3" name="amazon.Amazon_Create_An_Account" time="3.287" errors="0" timestamp="2023-03-18T12:24:55 PDT" skipped="0">
  <testcase classname="amazon.Amazon_Create_An_Account" name="clickOnCreateAnAccountLink" time="0.885"/>
  <system-out/>
  <testcase classname="amazon.Amazon_Create_An_Account" name="createAnAccountCredentials" time="1.125"/>
  <system-out/>
  <testcase classname="amazon.Amazon_Create_An_Account" name="amazonHome" time="1.277"/>
  <system-out/>
</testsuite> <!-- amazon.Amazon_Create_An_Account -->
